
The following files have been resolved:
   org.jboss:jandex:jar:2.0.5.Final:compile
   com.fasterxml.jackson.datatype:jackson-datatype-jdk8:jar:2.9.8:compile
   com.fasterxml.jackson.module:jackson-module-parameter-names:jar:2.9.8:compile
   org.springframework.boot:spring-boot-devtools:jar:2.1.4.RELEASE:runtime
   javax.xml.bind:jaxb-api:jar:2.3.1:compile
   org.aspectj:aspectjweaver:jar:1.9.2:compile
   com.fasterxml.jackson.core:jackson-databind:jar:2.9.8:compile
   org.apache.logging.log4j:log4j-api:jar:2.11.2:compile
   javax.validation:validation-api:jar:2.0.1.Final:compile
   org.springframework:spring-jdbc:jar:5.1.6.RELEASE:compile
   org.springframework.boot:spring-boot-starter-jdbc:jar:2.1.4.RELEASE:compile
   antlr:antlr:jar:2.7.7:compile
   org.springframework.boot:spring-boot-starter-aop:jar:2.1.4.RELEASE:compile
   org.slf4j:slf4j-api:jar:1.7.26:compile
   com.h2database:h2:jar:1.4.199:runtime
   org.springframework:spring-expression:jar:5.1.6.RELEASE:compile
   ch.qos.logback:logback-classic:jar:1.2.3:compile
   javax.annotation:javax.annotation-api:jar:1.3.2:compile
   org.jboss.logging:jboss-logging:jar:3.3.2.Final:compile
   org.springframework:spring-aop:jar:5.1.6.RELEASE:compile
   org.springframework.boot:spring-boot:jar:2.1.4.RELEASE:compile
   org.springframework.data:spring-data-jpa:jar:2.1.6.RELEASE:compile
   com.fasterxml.jackson.core:jackson-annotations:jar:2.9.0:compile
   org.hibernate.common:hibernate-commons-annotations:jar:5.0.4.Final:compile
   org.hibernate:hibernate-core:jar:5.3.9.Final:compile
   org.springframework.boot:spring-boot-starter-logging:jar:2.1.4.RELEASE:compile
   javax.transaction:javax.transaction-api:jar:1.3:compile
   javax.activation:javax.activation-api:jar:1.2.0:compile
   org.apache.logging.log4j:log4j-to-slf4j:jar:2.11.2:compile
   org.springframework:spring-jcl:jar:5.1.6.RELEASE:compile
   org.springframework.data:spring-data-commons:jar:2.1.6.RELEASE:compile
   com.fasterxml.jackson.core:jackson-core:jar:2.9.8:compile
   org.springframework.boot:spring-boot-starter-web:jar:2.1.4.RELEASE:compile
   org.springframework.boot:spring-boot-autoconfigure:jar:2.1.4.RELEASE:compile
   net.bytebuddy:byte-buddy:jar:1.9.12:compile
   org.slf4j:jul-to-slf4j:jar:1.7.26:compile
   org.javassist:javassist:jar:3.23.1-GA:compile
   com.fasterxml:classmate:jar:1.4.0:compile
   org.apache.tomcat.embed:tomcat-embed-websocket:jar:9.0.17:compile
   org.springframework:spring-context:jar:5.1.6.RELEASE:compile
   org.springframework:spring-aspects:jar:5.1.6.RELEASE:compile
   org.springframework:spring-webmvc:jar:5.1.6.RELEASE:compile
   ch.qos.logback:logback-core:jar:1.2.3:compile
   com.zaxxer:HikariCP:jar:3.2.0:compile
   org.springframework.boot:spring-boot-starter-data-jpa:jar:2.1.4.RELEASE:compile
   org.springframework:spring-tx:jar:5.1.6.RELEASE:compile
   com.fasterxml.jackson.datatype:jackson-datatype-jsr310:jar:2.9.8:compile
   org.hibernate.validator:hibernate-validator:jar:6.0.16.Final:compile
   org.springframework.boot:spring-boot-starter:jar:2.1.4.RELEASE:compile
   org.springframework:spring-core:jar:5.1.6.RELEASE:compile
   org.springframework.boot:spring-boot-starter-json:jar:2.1.4.RELEASE:compile
   org.apache.tomcat.embed:tomcat-embed-core:jar:9.0.17:compile
   org.yaml:snakeyaml:jar:1.23:runtime
   org.springframework:spring-beans:jar:5.1.6.RELEASE:compile
   org.springframework.boot:spring-boot-starter-tomcat:jar:2.1.4.RELEASE:compile
   org.apache.tomcat.embed:tomcat-embed-el:jar:9.0.17:compile
   javax.persistence:javax.persistence-api:jar:2.2:compile
   org.springframework:spring-web:jar:5.1.6.RELEASE:compile
   org.springframework:spring-orm:jar:5.1.6.RELEASE:compile
   org.dom4j:dom4j:jar:2.1.1:compile

